Determining if the Q_WS_WIN exist failed with the following output:
Change Dir: /home/leno/gitProjects/HFO_original/build/soccerwindow2-prefix/src/soccerwindow2-build/CMakeFiles/CMakeTmp

Run Build Command:"/usr/bin/make" "cmTC_5ea3e/fast"
make[3]: Entering directory '/home/leno/gitProjects/HFO_original/build/soccerwindow2-prefix/src/soccerwindow2-build/CMakeFiles/CMakeTmp'
/usr/bin/make -f CMakeFiles/cmTC_5ea3e.dir/build.make CMakeFiles/cmTC_5ea3e.dir/build
make[4]: Entering directory '/home/leno/gitProjects/HFO_original/build/soccerwindow2-prefix/src/soccerwindow2-build/CMakeFiles/CMakeTmp'
Building CXX object CMakeFiles/cmTC_5ea3e.dir/CheckSymbolExists.cxx.o
/usr/bin/c++    -I/home/leno/anaconda3/envs/hfo/include/qt   -o CMakeFiles/cmTC_5ea3e.dir/CheckSymbolExists.cxx.o -c /home/leno/gitProjects/HFO_original/build/soccerwindow2-prefix/src/soccerwindow2-build/CMakeFiles/CMakeTmp/CheckSymbolExists.cxx
/home/leno/gitProjects/HFO_original/build/soccerwindow2-prefix/src/soccerwindow2-build/CMakeFiles/CMakeTmp/CheckSymbolExists.cxx: In function ‘int main(int, char**)’:
/home/leno/gitProjects/HFO_original/build/soccerwindow2-prefix/src/soccerwindow2-build/CMakeFiles/CMakeTmp/CheckSymbolExists.cxx:8:19: error: ‘Q_WS_WIN’ was not declared in this scope
   return ((int*)(&Q_WS_WIN))[argc];
                   ^
CMakeFiles/cmTC_5ea3e.dir/build.make:65: recipe for target 'CMakeFiles/cmTC_5ea3e.dir/CheckSymbolExists.cxx.o' failed
make[4]: *** [CMakeFiles/cmTC_5ea3e.dir/CheckSymbolExists.cxx.o] Error 1
make[4]: Leaving directory '/home/leno/gitProjects/HFO_original/build/soccerwindow2-prefix/src/soccerwindow2-build/CMakeFiles/CMakeTmp'
Makefile:126: recipe for target 'cmTC_5ea3e/fast' failed
make[3]: *** [cmTC_5ea3e/fast] Error 2
make[3]: Leaving directory '/home/leno/gitProjects/HFO_original/build/soccerwindow2-prefix/src/soccerwindow2-build/CMakeFiles/CMakeTmp'

File /home/leno/gitProjects/HFO_original/build/soccerwindow2-prefix/src/soccerwindow2-build/CMakeFiles/CMakeTmp/CheckSymbolExists.cxx:
/* */
#include <QtCore/qglobal.h>

int main(int argc, char** argv)
{
  (void)argv;
#ifndef Q_WS_WIN
  return ((int*)(&Q_WS_WIN))[argc];
#else
  (void)argc;
  return 0;
#endif
}

Determining if the Q_WS_QWS exist failed with the following output:
Change Dir: /home/leno/gitProjects/HFO_original/build/soccerwindow2-prefix/src/soccerwindow2-build/CMakeFiles/CMakeTmp

Run Build Command:"/usr/bin/make" "cmTC_89913/fast"
make[3]: Entering directory '/home/leno/gitProjects/HFO_original/build/soccerwindow2-prefix/src/soccerwindow2-build/CMakeFiles/CMakeTmp'
/usr/bin/make -f CMakeFiles/cmTC_89913.dir/build.make CMakeFiles/cmTC_89913.dir/build
make[4]: Entering directory '/home/leno/gitProjects/HFO_original/build/soccerwindow2-prefix/src/soccerwindow2-build/CMakeFiles/CMakeTmp'
Building CXX object CMakeFiles/cmTC_89913.dir/CheckSymbolExists.cxx.o
/usr/bin/c++    -I/home/leno/anaconda3/envs/hfo/include/qt   -o CMakeFiles/cmTC_89913.dir/CheckSymbolExists.cxx.o -c /home/leno/gitProjects/HFO_original/build/soccerwindow2-prefix/src/soccerwindow2-build/CMakeFiles/CMakeTmp/CheckSymbolExists.cxx
/home/leno/gitProjects/HFO_original/build/soccerwindow2-prefix/src/soccerwindow2-build/CMakeFiles/CMakeTmp/CheckSymbolExists.cxx: In function ‘int main(int, char**)’:
/home/leno/gitProjects/HFO_original/build/soccerwindow2-prefix/src/soccerwindow2-build/CMakeFiles/CMakeTmp/CheckSymbolExists.cxx:8:19: error: ‘Q_WS_QWS’ was not declared in this scope
   return ((int*)(&Q_WS_QWS))[argc];
                   ^
CMakeFiles/cmTC_89913.dir/build.make:65: recipe for target 'CMakeFiles/cmTC_89913.dir/CheckSymbolExists.cxx.o' failed
make[4]: *** [CMakeFiles/cmTC_89913.dir/CheckSymbolExists.cxx.o] Error 1
make[4]: Leaving directory '/home/leno/gitProjects/HFO_original/build/soccerwindow2-prefix/src/soccerwindow2-build/CMakeFiles/CMakeTmp'
Makefile:126: recipe for target 'cmTC_89913/fast' failed
make[3]: *** [cmTC_89913/fast] Error 2
make[3]: Leaving directory '/home/leno/gitProjects/HFO_original/build/soccerwindow2-prefix/src/soccerwindow2-build/CMakeFiles/CMakeTmp'

File /home/leno/gitProjects/HFO_original/build/soccerwindow2-prefix/src/soccerwindow2-build/CMakeFiles/CMakeTmp/CheckSymbolExists.cxx:
/* */
#include <QtCore/qglobal.h>

int main(int argc, char** argv)
{
  (void)argv;
#ifndef Q_WS_QWS
  return ((int*)(&Q_WS_QWS))[argc];
#else
  (void)argc;
  return 0;
#endif
}

Determining if the Q_WS_MAC exist failed with the following output:
Change Dir: /home/leno/gitProjects/HFO_original/build/soccerwindow2-prefix/src/soccerwindow2-build/CMakeFiles/CMakeTmp

Run Build Command:"/usr/bin/make" "cmTC_b80a8/fast"
make[3]: Entering directory '/home/leno/gitProjects/HFO_original/build/soccerwindow2-prefix/src/soccerwindow2-build/CMakeFiles/CMakeTmp'
/usr/bin/make -f CMakeFiles/cmTC_b80a8.dir/build.make CMakeFiles/cmTC_b80a8.dir/build
make[4]: Entering directory '/home/leno/gitProjects/HFO_original/build/soccerwindow2-prefix/src/soccerwindow2-build/CMakeFiles/CMakeTmp'
Building CXX object CMakeFiles/cmTC_b80a8.dir/CheckSymbolExists.cxx.o
/usr/bin/c++    -I/home/leno/anaconda3/envs/hfo/include/qt   -o CMakeFiles/cmTC_b80a8.dir/CheckSymbolExists.cxx.o -c /home/leno/gitProjects/HFO_original/build/soccerwindow2-prefix/src/soccerwindow2-build/CMakeFiles/CMakeTmp/CheckSymbolExists.cxx
/home/leno/gitProjects/HFO_original/build/soccerwindow2-prefix/src/soccerwindow2-build/CMakeFiles/CMakeTmp/CheckSymbolExists.cxx: In function ‘int main(int, char**)’:
/home/leno/gitProjects/HFO_original/build/soccerwindow2-prefix/src/soccerwindow2-build/CMakeFiles/CMakeTmp/CheckSymbolExists.cxx:8:19: error: ‘Q_WS_MAC’ was not declared in this scope
   return ((int*)(&Q_WS_MAC))[argc];
                   ^
CMakeFiles/cmTC_b80a8.dir/build.make:65: recipe for target 'CMakeFiles/cmTC_b80a8.dir/CheckSymbolExists.cxx.o' failed
make[4]: *** [CMakeFiles/cmTC_b80a8.dir/CheckSymbolExists.cxx.o] Error 1
make[4]: Leaving directory '/home/leno/gitProjects/HFO_original/build/soccerwindow2-prefix/src/soccerwindow2-build/CMakeFiles/CMakeTmp'
Makefile:126: recipe for target 'cmTC_b80a8/fast' failed
make[3]: *** [cmTC_b80a8/fast] Error 2
make[3]: Leaving directory '/home/leno/gitProjects/HFO_original/build/soccerwindow2-prefix/src/soccerwindow2-build/CMakeFiles/CMakeTmp'

File /home/leno/gitProjects/HFO_original/build/soccerwindow2-prefix/src/soccerwindow2-build/CMakeFiles/CMakeTmp/CheckSymbolExists.cxx:
/* */
#include <QtCore/qglobal.h>

int main(int argc, char** argv)
{
  (void)argv;
#ifndef Q_WS_MAC
  return ((int*)(&Q_WS_MAC))[argc];
#else
  (void)argc;
  return 0;
#endif
}

