Determining if the Q_WS_WIN exist failed with the following output:
Change Dir: /home/leno/gitProjects/HFO_original/build/CMakeFiles/CMakeTmp

Run Build Command:"/usr/bin/make" "cmTC_abb88/fast"
/usr/bin/make -f CMakeFiles/cmTC_abb88.dir/build.make CMakeFiles/cmTC_abb88.dir/build
make[1]: Entering directory '/home/leno/gitProjects/HFO_original/build/CMakeFiles/CMakeTmp'
Building CXX object CMakeFiles/cmTC_abb88.dir/CheckSymbolExists.cxx.o
/usr/bin/c++    -I/home/leno/anaconda3/envs/hfo/include/qt  -std=c++11 -fPIC    -o CMakeFiles/cmTC_abb88.dir/CheckSymbolExists.cxx.o -c /home/leno/gitProjects/HFO_original/build/CMakeFiles/CMakeTmp/CheckSymbolExists.cxx
/home/leno/gitProjects/HFO_original/build/CMakeFiles/CMakeTmp/CheckSymbolExists.cxx: In function ‘int main(int, char**)’:
/home/leno/gitProjects/HFO_original/build/CMakeFiles/CMakeTmp/CheckSymbolExists.cxx:8:19: error: ‘Q_WS_WIN’ was not declared in this scope
   return ((int*)(&Q_WS_WIN))[argc];
                   ^
CMakeFiles/cmTC_abb88.dir/build.make:65: recipe for target 'CMakeFiles/cmTC_abb88.dir/CheckSymbolExists.cxx.o' failed
make[1]: *** [CMakeFiles/cmTC_abb88.dir/CheckSymbolExists.cxx.o] Error 1
make[1]: Leaving directory '/home/leno/gitProjects/HFO_original/build/CMakeFiles/CMakeTmp'
Makefile:126: recipe for target 'cmTC_abb88/fast' failed
make: *** [cmTC_abb88/fast] Error 2

File /home/leno/gitProjects/HFO_original/build/CMakeFiles/CMakeTmp/CheckSymbolExists.cxx:
/* */
#include <QtCore/qglobal.h>

int main(int argc, char** argv)
{
  (void)argv;
#ifndef Q_WS_WIN
  return ((int*)(&Q_WS_WIN))[argc];
#else
  (void)argc;
  return 0;
#endif
}

Determining if the Q_WS_QWS exist failed with the following output:
Change Dir: /home/leno/gitProjects/HFO_original/build/CMakeFiles/CMakeTmp

Run Build Command:"/usr/bin/make" "cmTC_f25c2/fast"
/usr/bin/make -f CMakeFiles/cmTC_f25c2.dir/build.make CMakeFiles/cmTC_f25c2.dir/build
make[1]: Entering directory '/home/leno/gitProjects/HFO_original/build/CMakeFiles/CMakeTmp'
Building CXX object CMakeFiles/cmTC_f25c2.dir/CheckSymbolExists.cxx.o
/usr/bin/c++    -I/home/leno/anaconda3/envs/hfo/include/qt  -std=c++11 -fPIC    -o CMakeFiles/cmTC_f25c2.dir/CheckSymbolExists.cxx.o -c /home/leno/gitProjects/HFO_original/build/CMakeFiles/CMakeTmp/CheckSymbolExists.cxx
/home/leno/gitProjects/HFO_original/build/CMakeFiles/CMakeTmp/CheckSymbolExists.cxx: In function ‘int main(int, char**)’:
/home/leno/gitProjects/HFO_original/build/CMakeFiles/CMakeTmp/CheckSymbolExists.cxx:8:19: error: ‘Q_WS_QWS’ was not declared in this scope
   return ((int*)(&Q_WS_QWS))[argc];
                   ^
CMakeFiles/cmTC_f25c2.dir/build.make:65: recipe for target 'CMakeFiles/cmTC_f25c2.dir/CheckSymbolExists.cxx.o' failed
make[1]: *** [CMakeFiles/cmTC_f25c2.dir/CheckSymbolExists.cxx.o] Error 1
make[1]: Leaving directory '/home/leno/gitProjects/HFO_original/build/CMakeFiles/CMakeTmp'
Makefile:126: recipe for target 'cmTC_f25c2/fast' failed
make: *** [cmTC_f25c2/fast] Error 2

File /home/leno/gitProjects/HFO_original/build/CMakeFiles/CMakeTmp/CheckSymbolExists.cxx:
/* */
#include <QtCore/qglobal.h>

int main(int argc, char** argv)
{
  (void)argv;
#ifndef Q_WS_QWS
  return ((int*)(&Q_WS_QWS))[argc];
#else
  (void)argc;
  return 0;
#endif
}

Determining if the Q_WS_MAC exist failed with the following output:
Change Dir: /home/leno/gitProjects/HFO_original/build/CMakeFiles/CMakeTmp

Run Build Command:"/usr/bin/make" "cmTC_ad082/fast"
/usr/bin/make -f CMakeFiles/cmTC_ad082.dir/build.make CMakeFiles/cmTC_ad082.dir/build
make[1]: Entering directory '/home/leno/gitProjects/HFO_original/build/CMakeFiles/CMakeTmp'
Building CXX object CMakeFiles/cmTC_ad082.dir/CheckSymbolExists.cxx.o
/usr/bin/c++    -I/home/leno/anaconda3/envs/hfo/include/qt  -std=c++11 -fPIC    -o CMakeFiles/cmTC_ad082.dir/CheckSymbolExists.cxx.o -c /home/leno/gitProjects/HFO_original/build/CMakeFiles/CMakeTmp/CheckSymbolExists.cxx
/home/leno/gitProjects/HFO_original/build/CMakeFiles/CMakeTmp/CheckSymbolExists.cxx: In function ‘int main(int, char**)’:
/home/leno/gitProjects/HFO_original/build/CMakeFiles/CMakeTmp/CheckSymbolExists.cxx:8:19: error: ‘Q_WS_MAC’ was not declared in this scope
   return ((int*)(&Q_WS_MAC))[argc];
                   ^
CMakeFiles/cmTC_ad082.dir/build.make:65: recipe for target 'CMakeFiles/cmTC_ad082.dir/CheckSymbolExists.cxx.o' failed
make[1]: *** [CMakeFiles/cmTC_ad082.dir/CheckSymbolExists.cxx.o] Error 1
make[1]: Leaving directory '/home/leno/gitProjects/HFO_original/build/CMakeFiles/CMakeTmp'
Makefile:126: recipe for target 'cmTC_ad082/fast' failed
make: *** [cmTC_ad082/fast] Error 2

File /home/leno/gitProjects/HFO_original/build/CMakeFiles/CMakeTmp/CheckSymbolExists.cxx:
/* */
#include <QtCore/qglobal.h>

int main(int argc, char** argv)
{
  (void)argv;
#ifndef Q_WS_MAC
  return ((int*)(&Q_WS_MAC))[argc];
#else
  (void)argc;
  return 0;
#endif
}

